 Parsed tokens sample (first 10):
     1  YYAA040002  0  0
     2  YYAA054010  0  0
     3  YYAA006003  0  0
     4  YYAA036005  0  0
     5  YYAA085006  0  0
     6  YYAA041012  0  0
     7  YYAA073008  0  0
     8  YYAA037009  0  0
     9  YYAA085003  0  0
    10  YY83007010  YYAA037009  YYAA040002
 Sample mapping (first 20):
     1       0       0
     2       0       0
     3       0       0
     4       0       0
     5       0       0
     6       0       0
     7       0       0
     8       0       0
     9       0       0
    10       8       1
    11       0       0
    12       0       0
    13       0       0
    14       0       0
    15       0       0
    16       0       0
    17       2       3
    18       0       0
    19       7       9
    20       7       5
compute_inbreeding: processed     300  of   11059  n_s=       5  n_d=       3 F=    0.0000
compute_inbreeding: processed     400  of   11059  n_s=       7  n_d=      15 F=    0.0000
compute_inbreeding: processed     500  of   11059  n_s=       9  n_d=      51 F=    0.0000
compute_inbreeding: processed     600  of   11059  n_s=       3  n_d=     121 F=    0.0000
compute_inbreeding: processed     700  of   11059  n_s=       3  n_d=      31 F=    0.0000
compute_inbreeding: processed     800  of   11059  n_s=     173  n_d=     185 F=    0.0000
compute_inbreeding: processed     900  of   11059  n_s=     151  n_d=      97 F=    0.0000
compute_inbreeding: processed    1000  of   11059  n_s=     233  n_d=     271 F=    0.0000
compute_inbreeding: processed    1100  of   11059  n_s=     488  n_d=     382 F=    0.0000
compute_inbreeding: processed    1300  of   11059  n_s=       1  n_d=       1 F=    0.0000
compute_inbreeding: processed    1500  of   11059  n_s=     652  n_d=     674 F=    0.0000
compute_inbreeding: processed    1600  of   11059  n_s=       1  n_d=       1 F=    0.0000
compute_inbreeding: processed    1700  of   11059  n_s=      11  n_d=      11 F=    0.0000
compute_inbreeding: processed    1800  of   11059  n_s=       9  n_d=       1 F=    0.0000
compute_inbreeding: processed    1900  of   11059  n_s=      15  n_d=      11 F=    0.0000
compute_inbreeding: processed    2000  of   11059  n_s=       9  n_d=      11 F=    0.0000
compute_inbreeding: processed    2200  of   11059  n_s=      25  n_d=      15 F=    0.0000
compute_inbreeding: processed    2300  of   11059  n_s=      15  n_d=       9 F=    0.0000
compute_inbreeding: processed    2400  of   11059  n_s=     953  n_d=     899 F=    0.0000
compute_inbreeding: processed    2500  of   11059  n_s=     949  n_d=     929 F=    0.0000
compute_inbreeding: processed    2600  of   11059  n_s=     934  n_d=    1065 F=    0.0000
compute_inbreeding: processed    2800  of   11059  n_s=     968  n_d=     945 F=    0.0000
compute_inbreeding: processed    2900  of   11059  n_s=    1200  n_d=    1106 F=    0.0000
compute_inbreeding: processed    3000  of   11059  n_s=       1  n_d=       1 F=    0.0000
compute_inbreeding: processed    3100  of   11059  n_s=       3  n_d=       3 F=    0.0000
compute_inbreeding: processed    3300  of   11059  n_s=     282  n_d=     178 F=    0.0000
compute_inbreeding: processed    3400  of   11059  n_s=     755  n_d=     776 F=    0.0000
compute_inbreeding: processed    3500  of   11059  n_s=       7  n_d=     944 F=    0.0000
compute_inbreeding: processed    3600  of   11059  n_s=    1186  n_d=    1183 F=    0.0000
compute_inbreeding: processed    3700  of   11059  n_s=    1313  n_d=    1210 F=    0.0000
compute_inbreeding: processed    3800  of   11059  n_s=       3  n_d=       3 F=    0.0000
compute_inbreeding: processed    3900  of   11059  n_s=    1399  n_d=    1378 F=    0.0000
compute_inbreeding: processed    4000  of   11059  n_s=    1250  n_d=    1149 F=    0.0000
compute_inbreeding: processed    4100  of   11059  n_s=     672  n_d=     664 F=    0.0000
compute_inbreeding: processed    4200  of   11059  n_s=       3  n_d=     131 F=    0.0000
compute_inbreeding: processed    4300  of   11059  n_s=       1  n_d=       1 F=    0.0000
compute_inbreeding: processed    4400  of   11059  n_s=     658  n_d=     530 F=    0.0000
